*** Starting uWSGI 2.0.21 (64bit) on [Tue Oct 24 16:41:35 2023] ***
compiled with version: 11.2.0 on 06 July 2023 08:19:35
os: Linux-5.4.0-153-generic #170-Ubuntu SMP Fri Jun 16 13:43:31 UTC 2023
nodename: hcss-ecs-eb01
machine: x86_64
clock source: unix
pcre jit disabled
detected number of CPU cores: 2
current working directory: /home/heatingma/github/NIS3368-website
writing pidfile to /home/heatingma/github/NIS3368-website/uwsgi.pid
detected binary path: /root/miniconda3/envs/django/bin/uwsgi
*** WARNING: you are running uWSGI as root !!! (use the --uid flag) *** 
chdir() to /home/heatingma/github/NIS3368-website
your processes number limit is 14546
your memory page size is 4096 bytes
detected max file descriptor number: 65535
building mime-types dictionary from file /etc/mime.types...567 entry found
lock engine: pthread robust mutexes
thunder lock: enabled
uWSGI http bound on 0.0.0.0:8001 fd 3
uwsgi socket 0 bound to UNIX address /home/heatingma/github/NIS3368-website/uwsgi.sock fd 6
*** WARNING: you are running uWSGI as root !!! (use the --uid flag) *** 
Python version: 3.9.17 (main, Jul  5 2023, 20:41:20)  [GCC 11.2.0]
Python main interpreter initialized at 0xde0bc0
*** WARNING: you are running uWSGI as root !!! (use the --uid flag) *** 
python threads support enabled
your server socket listen backlog is limited to 100 connections
your mercy for graceful operations on workers is 60 seconds
mapped 486672 bytes (475 KB) for 5 cores
*** Operational MODE: preforking ***
WSGI app 0 (mountpoint='') ready in 0 seconds on interpreter 0xde0bc0 pid: 22304 (default app)
*** WARNING: you are running uWSGI as root !!! (use the --uid flag) *** 
*** uWSGI is running in multiple interpreter mode ***
spawned uWSGI master process (pid: 22304)
spawned uWSGI worker 1 (pid: 22343, cores: 1)
spawned uWSGI worker 2 (pid: 22344, cores: 1)
spawned uWSGI worker 3 (pid: 22345, cores: 1)
spawned uWSGI worker 4 (pid: 22346, cores: 1)
spawned uWSGI worker 5 (pid: 22347, cores: 1)
spawned uWSGI http 1 (pid: 22348)
SIGINT/SIGTERM received...killing workers...
gateway "uWSGI http 1" has been buried (pid: 22348)
worker 1 buried after 2 seconds
worker 2 buried after 2 seconds
worker 3 buried after 2 seconds
worker 4 buried after 2 seconds
worker 5 buried after 2 seconds
goodbye to uWSGI.
VACUUM: pidfile removed.
VACUUM: unix socket /home/heatingma/github/NIS3368-website/uwsgi.sock removed.
